<?xml version="1.0" encoding="UTF-8"?>
<!-- Generated by org.testng.reporters.JUnitReportReporter -->
<testsuite skipped="0" hostname="SAHIL" name="Testng_demo.Parameter_Demo" tests="1" failures="0" timestamp="2020-07-30T22:33:10 IST" time="0.015" errors="0">
  <testcase name="login" time="0.015" classname="Testng_demo.Parameter_Demo"/>
  <system-out/>
</testsuite> <!-- Testng_demo.Parameter_Demo -->
