<?xml version="1.0" encoding="UTF-8"?>
<!-- Generated by org.testng.reporters.JUnitReportReporter -->
<testsuite skipped="0" hostname="SAHIL" name="Testng_demo.Assertion" tests="1" failures="0" timestamp="2020-07-20T22:25:36 IST" time="24.612" errors="0">
  <testcase name="launch" time="24.612" classname="Testng_demo.Assertion"/>
  <system-out/>
</testsuite> <!-- Testng_demo.Assertion -->
