<?xml version="1.0" encoding="UTF-8"?>
<!-- Generated by org.testng.reporters.JUnitReportReporter -->
<testsuite skipped="0" hostname="SAHIL" name="Testng_demo.Demo" tests="3" failures="0" timestamp="2020-07-07T17:55:51 IST" time="0.057" errors="0">
  <testcase name="login" time="0.029" classname="Testng_demo.Demo"/>
  <system-out/>
  <testcase name="logout" time="0.001" classname="Testng_demo.Demo"/>
  <system-out/>
  <testcase name="forgetpwd" time="0.027" classname="Testng_demo.Demo"/>
  <system-out/>
</testsuite> <!-- Testng_demo.Demo -->
