<?xml version="1.0" encoding="UTF-8"?>
<!-- Generated by org.testng.reporters.JUnitReportReporter -->
<testsuite skipped="0" hostname="SAHIL" name="Testng_demo.Data_providerDEMO" tests="3" failures="0" timestamp="2020-07-16T22:42:49 IST" time="65.039" errors="0">
  <testcase name="Login" time="22.646" classname="Testng_demo.Data_providerDEMO"/>
  <system-out/>
  <testcase name="Login" time="28.565" classname="Testng_demo.Data_providerDEMO"/>
  <system-out/>
  <testcase name="Login" time="13.828" classname="Testng_demo.Data_providerDEMO"/>
  <system-out/>
</testsuite> <!-- Testng_demo.Data_providerDEMO -->
