<?xml version="1.0" encoding="UTF-8"?>
<!-- Generated by org.testng.reporters.JUnitReportReporter -->
<testsuite skipped="0" hostname="SAHIL" name="TestNG_Grouping.Login" tests="2" failures="0" timestamp="2020-07-15T18:36:14 IST" time="12.147" errors="0">
  <testcase name="logout" time="2.760" classname="TestNG_Grouping.Login"/>
  <system-out/>
  <testcase name="login" time="9.387" classname="TestNG_Grouping.Login"/>
  <system-out/>
</testsuite> <!-- TestNG_Grouping.Login -->
