<?xml version="1.0" encoding="UTF-8"?>
<!-- Generated by org.testng.reporters.JUnitReportReporter -->
<testsuite skipped="0" hostname="SAHIL" name="Testng_demo.Home_page" tests="1" failures="0" timestamp="2020-07-09T10:39:23 IST" time="1.151" errors="0">
  <testcase name="Forget_Pass" time="1.151" classname="Testng_demo.Home_page"/>
  <system-out/>
</testsuite> <!-- Testng_demo.Home_page -->
