<?xml version="1.0" encoding="UTF-8"?>
<!-- Generated by org.testng.reporters.JUnitReportReporter -->
<testsuite skipped="0" hostname="SAHIL" name="TestNG_Grouping.Home" tests="1" failures="0" timestamp="2020-07-15T18:36:14 IST" time="1.260" errors="0">
  <testcase name="Forget_Pass" time="1.260" classname="TestNG_Grouping.Home"/>
  <system-out/>
</testsuite> <!-- TestNG_Grouping.Home -->
