<?xml version="1.0" encoding="UTF-8"?>
<!-- Generated by org.testng.reporters.JUnitReportReporter -->
<testsuite skipped="0" hostname="SAHIL" name="Testng_demo.Parallel_class1" tests="1" failures="0" timestamp="2020-07-20T22:22:59 IST" time="33.276" errors="0">
  <testcase name="Logindata" time="33.276" classname="Testng_demo.Parallel_class1"/>
  <system-out/>
</testsuite> <!-- Testng_demo.Parallel_class1 -->
